# JRE version: Java(TM) SE Runtime Environment (7.0_45-b18) (build 1.7.0_45-b18)
# Java VM: Java HotSpot(TM) 64-Bit Server VM (24.45-b08 mixed mode windows-amd64 compressed oops)
Heap
 PSYoungGen      total 6656K, used 2740K [0x00000007d5e80000, 0x00000007d6580000, 0x0000000800000000)
  eden space 6144K, 36% used [0x00000007d5e80000,0x00000007d60b53d0,0x00000007d6480000)
  from space 512K, 93% used [0x00000007d6500000,0x00000007d6578020,0x00000007d6580000)
  to   space 512K, 0% used [0x00000007d6480000,0x00000007d6480000,0x00000007d6500000)
 ParOldGen       total 5632K, used 496K [0x0000000781c00000, 0x0000000782180000, 0x00000007d5e80000)
  object space 5632K, 8% used [0x0000000781c00000,0x0000000781c7c020,0x0000000782180000)
 PSPermGen       total 21504K, used 5882K [0x000000077ca00000, 0x000000077df00000, 0x0000000781c00000)
  object space 21504K, 27% used [0x000000077ca00000,0x000000077cfbe810,0x000000077df00000)
GC Heap History (4 events):
Event: 0.285 GC heap before
{Heap before GC invocations=1 (full 0):
 PSYoungGen      total 3584K, used 3072K [0x00000007d5e80000, 0x00000007d6280000, 0x0000000800000000)
  eden space 3072K, 100% used [0x00000007d5e80000,0x00000007d6180000,0x00000007d6180000)
  from space 512K, 0% used [0x00000007d6200000,0x00000007d6200000,0x00000007d6280000)
  to   space 512K, 0% used [0x00000007d6180000,0x00000007d6180000,0x00000007d6200000)
 ParOldGen       total 5632K, used 0K [0x0000000781c00000, 0x0000000782180000, 0x00000007d5e80000)
  object space 5632K, 0% used [0x0000000781c00000,0x0000000781c00000,0x0000000782180000)
 PSPermGen       total 21504K, used 3772K [0x000000077ca00000, 0x000000077df00000, 0x0000000781c00000)
  object space 21504K, 17% used [0x000000077ca00000,0x000000077cdaf0f0,0x000000077df00000)
Event: 0.327 GC heap after
Heap after GC invocations=1 (full 0):
 PSYoungGen      total 3584K, used 480K [0x00000007d5e80000, 0x00000007d6580000, 0x0000000800000000)
  eden space 3072K, 0% used [0x00000007d5e80000,0x00000007d5e80000,0x00000007d6180000)
  from space 512K, 93% used [0x00000007d6180000,0x00000007d61f8010,0x00000007d6200000)
  to   space 512K, 0% used [0x00000007d6500000,0x00000007d6500000,0x00000007d6580000)
 ParOldGen       total 5632K, used 264K [0x0000000781c00000, 0x0000000782180000, 0x00000007d5e80000)
  object space 5632K, 4% used [0x0000000781c00000,0x0000000781c42010,0x0000000782180000)
 PSPermGen       total 21504K, used 3772K [0x000000077ca00000, 0x000000077df00000, 0x0000000781c00000)
  object space 21504K, 17% used [0x000000077ca00000,0x000000077cdaf0f0,0x000000077df00000)
}
Event: 0.540 GC heap before
{Heap before GC invocations=2 (full 0):
 PSYoungGen      total 3584K, used 3552K [0x00000007d5e80000, 0x00000007d6580000, 0x0000000800000000)
  eden space 3072K, 100% used [0x00000007d5e80000,0x00000007d6180000,0x00000007d6180000)
  from space 512K, 93% used [0x00000007d6180000,0x00000007d61f8010,0x00000007d6200000)
  to   space 512K, 0% used [0x00000007d6500000,0x00000007d6500000,0x00000007d6580000)
 ParOldGen       total 5632K, used 264K [0x0000000781c00000, 0x0000000782180000, 0x00000007d5e80000)
  object space 5632K, 4% used [0x0000000781c00000,0x0000000781c42010,0x0000000782180000)
 PSPermGen       total 21504K, used 4896K [0x000000077ca00000, 0x000000077df00000, 0x0000000781c00000)
  object space 21504K, 22% used [0x000000077ca00000,0x000000077cec8278,0x000000077df00000)
Event: 0.578 GC heap after
Heap after GC invocations=2 (full 0):
 PSYoungGen      total 6656K, used 480K [0x00000007d5e80000, 0x00000007d6580000, 0x0000000800000000)
  eden space 6144K, 0% used [0x00000007d5e80000,0x00000007d5e80000,0x00000007d6480000)
  from space 512K, 93% used [0x00000007d6500000,0x00000007d6578020,0x00000007d6580000)
  to   space 512K, 0% used [0x00000007d6480000,0x00000007d6480000,0x00000007d6500000)
 ParOldGen       total 5632K, used 496K [0x0000000781c00000, 0x0000000782180000, 0x00000007d5e80000)
  object space 5632K, 8% used [0x0000000781c00000,0x0000000781c7c020,0x0000000782180000)
 PSPermGen       total 21504K, used 4896K [0x000000077ca00000, 0x000000077df00000, 0x0000000781c00000)
  object space 21504K, 22% used [0x000000077ca00000,0x000000077cec8278,0x000000077df00000)
}

