# JRE version: Java(TM) SE Runtime Environment (7.0_45-b18) (build 1.7.0_45-b18)
# Java VM: Java HotSpot(TM) 64-Bit Server VM (24.45-b08 mixed mode windows-amd64 compressed oops)
Heap
 PSYoungGen      total 12800K, used 1816K [0x00000007d5e80000, 0x00000007d6b80000, 0x0000000800000000)
  eden space 12288K, 14% used [0x00000007d5e80000,0x00000007d60463b0,0x00000007d6a80000)
  from space 512K, 0% used [0x00000007d6a80000,0x00000007d6a80000,0x00000007d6b00000)
  to   space 512K, 0% used [0x00000007d6b00000,0x00000007d6b00000,0x00000007d6b80000)
 ParOldGen       total 10752K, used 8764K [0x0000000781c00000, 0x0000000782680000, 0x00000007d5e80000)
  object space 10752K, 81% used [0x0000000781c00000,0x000000078248f3d0,0x0000000782680000)
 PSPermGen       total 21504K, used 6390K [0x000000077ca00000, 0x000000077df00000, 0x0000000781c00000)
  object space 21504K, 29% used [0x000000077ca00000,0x000000077d03dbb8,0x000000077df00000)
GC Heap History (10 events):
Event: 0.330 GC heap before
{Heap before GC invocations=2 (full 0):
 PSYoungGen      total 3584K, used 3568K [0x00000007d5e80000, 0x00000007d6580000, 0x0000000800000000)
  eden space 3072K, 100% used [0x00000007d5e80000,0x00000007d6180000,0x00000007d6180000)
  from space 512K, 96% used [0x00000007d6180000,0x00000007d61fc040,0x00000007d6200000)
  to   space 512K, 0% used [0x00000007d6500000,0x00000007d6500000,0x00000007d6580000)
 ParOldGen       total 5632K, used 256K [0x0000000781c00000, 0x0000000782180000, 0x00000007d5e80000)
  object space 5632K, 4% used [0x0000000781c00000,0x0000000781c40010,0x0000000782180000)
 PSPermGen       total 21504K, used 4896K [0x000000077ca00000, 0x000000077df00000, 0x0000000781c00000)
  object space 21504K, 22% used [0x000000077ca00000,0x000000077cec8278,0x000000077df00000)
Event: 0.332 GC heap after
Heap after GC invocations=2 (full 0):
 PSYoungGen      total 6656K, used 496K [0x00000007d5e80000, 0x00000007d6580000, 0x0000000800000000)
  eden space 6144K, 0% used [0x00000007d5e80000,0x00000007d5e80000,0x00000007d6480000)
  from space 512K, 96% used [0x00000007d6500000,0x00000007d657c010,0x00000007d6580000)
  to   space 512K, 0% used [0x00000007d6480000,0x00000007d6480000,0x00000007d6500000)
 ParOldGen       total 5632K, used 480K [0x0000000781c00000, 0x0000000782180000, 0x00000007d5e80000)
  object space 5632K, 8% used [0x0000000781c00000,0x0000000781c78020,0x0000000782180000)
 PSPermGen       total 21504K, used 4896K [0x000000077ca00000, 0x000000077df00000, 0x0000000781c00000)
  object space 21504K, 22% used [0x000000077ca00000,0x000000077cec8278,0x000000077df00000)
}
Event: 0.466 GC heap before
{Heap before GC invocations=3 (full 0):
 PSYoungGen      total 6656K, used 6640K [0x00000007d5e80000, 0x00000007d6580000, 0x0000000800000000)
  eden space 6144K, 100% used [0x00000007d5e80000,0x00000007d6480000,0x00000007d6480000)
  from space 512K, 96% used [0x00000007d6500000,0x00000007d657c010,0x00000007d6580000)
  to   space 512K, 0% used [0x00000007d6480000,0x00000007d6480000,0x00000007d6500000)
 ParOldGen       total 5632K, used 480K [0x0000000781c00000, 0x0000000782180000, 0x00000007d5e80000)
  object space 5632K, 8% used [0x0000000781c00000,0x0000000781c78020,0x0000000782180000)
 PSPermGen       total 21504K, used 5888K [0x000000077ca00000, 0x000000077df00000, 0x0000000781c00000)
  object space 21504K, 27% used [0x000000077ca00000,0x000000077cfc0378,0x000000077df00000)
Event: 0.469 GC heap after
Heap after GC invocations=3 (full 0):
 PSYoungGen      total 6656K, used 480K [0x00000007d5e80000, 0x00000007d6b80000, 0x0000000800000000)
  eden space 6144K, 0% used [0x00000007d5e80000,0x00000007d5e80000,0x00000007d6480000)
  from space 512K, 93% used [0x00000007d6480000,0x00000007d64f8020,0x00000007d6500000)
  to   space 512K, 0% used [0x00000007d6b00000,0x00000007d6b00000,0x00000007d6b80000)
 ParOldGen       total 5632K, used 1171K [0x0000000781c00000, 0x0000000782180000, 0x00000007d5e80000)
  object space 5632K, 20% used [0x0000000781c00000,0x0000000781d24eb0,0x0000000782180000)
 PSPermGen       total 21504K, used 5888K [0x000000077ca00000, 0x000000077df00000, 0x0000000781c00000)
  object space 21504K, 27% used [0x000000077ca00000,0x000000077cfc0378,0x000000077df00000)
}
Event: 0.621 GC heap before
{Heap before GC invocations=4 (full 0):
 PSYoungGen      total 6656K, used 5369K [0x00000007d5e80000, 0x00000007d6b80000, 0x0000000800000000)
  eden space 6144K, 79% used [0x00000007d5e80000,0x00000007d6346498,0x00000007d6480000)
  from space 512K, 93% used [0x00000007d6480000,0x00000007d64f8020,0x00000007d6500000)
  to   space 512K, 0% used [0x00000007d6b00000,0x00000007d6b00000,0x00000007d6b80000)
 ParOldGen       total 5632K, used 1171K [0x0000000781c00000, 0x0000000782180000, 0x00000007d5e80000)
  object space 5632K, 20% used [0x0000000781c00000,0x0000000781d24eb0,0x0000000782180000)
 PSPermGen       total 21504K, used 6358K [0x000000077ca00000, 0x000000077df00000, 0x0000000781c00000)
  object space 21504K, 29% used [0x000000077ca00000,0x000000077d035888,0x000000077df00000)
Event: 0.624 GC heap after
Heap after GC invocations=4 (full 0):
 PSYoungGen      total 12800K, used 500K [0x00000007d5e80000, 0x00000007d6b80000, 0x0000000800000000)
  eden space 12288K, 0% used [0x00000007d5e80000,0x00000007d5e80000,0x00000007d6a80000)
  from space 512K, 97% used [0x00000007d6b00000,0x00000007d6b7d010,0x00000007d6b80000)
  to   space 512K, 0% used [0x00000007d6a80000,0x00000007d6a80000,0x00000007d6b00000)
 ParOldGen       total 5632K, used 2333K [0x0000000781c00000, 0x0000000782180000, 0x00000007d5e80000)
  object space 5632K, 41% used [0x0000000781c00000,0x0000000781e476f8,0x0000000782180000)
 PSPermGen       total 21504K, used 6358K [0x000000077ca00000, 0x000000077df00000, 0x0000000781c00000)
  object space 21504K, 29% used [0x000000077ca00000,0x000000077d035888,0x000000077df00000)
}
Event: 0.822 GC heap before
{Heap before GC invocations=5 (full 0):
 PSYoungGen      total 12800K, used 12629K [0x00000007d5e80000, 0x00000007d6b80000, 0x0000000800000000)
  eden space 12288K, 98% used [0x00000007d5e80000,0x00000007d6a58588,0x00000007d6a80000)
  from space 512K, 97% used [0x00000007d6b00000,0x00000007d6b7d010,0x00000007d6b80000)
  to   space 512K, 0% used [0x00000007d6a80000,0x00000007d6a80000,0x00000007d6b00000)
 ParOldGen       total 5632K, used 2333K [0x0000000781c00000, 0x0000000782180000, 0x00000007d5e80000)
  object space 5632K, 41% used [0x0000000781c00000,0x0000000781e476f8,0x0000000782180000)
 PSPermGen       total 21504K, used 6394K [0x000000077ca00000, 0x000000077df00000, 0x0000000781c00000)
  object space 21504K, 29% used [0x000000077ca00000,0x000000077d03ead0,0x000000077df00000)
Event: 0.834 GC heap after
Heap after GC invocations=5 (full 0):
 PSYoungGen      total 12800K, used 500K [0x00000007d5e80000, 0x00000007d6b80000, 0x0000000800000000)
  eden space 12288K, 0% used [0x00000007d5e80000,0x00000007d5e80000,0x00000007d6a80000)
  from space 512K, 97% used [0x00000007d6a80000,0x00000007d6afd010,0x00000007d6b00000)
  to   space 512K, 0% used [0x00000007d6b00000,0x00000007d6b00000,0x00000007d6b80000)
 ParOldGen       total 10752K, used 10312K [0x0000000781c00000, 0x0000000782680000, 0x00000007d5e80000)
  object space 10752K, 95% used [0x0000000781c00000,0x0000000782612168,0x0000000782680000)
 PSPermGen       total 21504K, used 6394K [0x000000077ca00000, 0x000000077df00000, 0x0000000781c00000)
  object space 21504K, 29% used [0x000000077ca00000,0x000000077d03ead0,0x000000077df00000)
}
Event: 0.834 GC heap before
{Heap before GC invocations=6 (full 1):
 PSYoungGen      total 12800K, used 500K [0x00000007d5e80000, 0x00000007d6b80000, 0x0000000800000000)
  eden space 12288K, 0% used [0x00000007d5e80000,0x00000007d5e80000,0x00000007d6a80000)
  from space 512K, 97% used [0x00000007d6a80000,0x00000007d6afd010,0x00000007d6b00000)
  to   space 512K, 0% used [0x00000007d6b00000,0x00000007d6b00000,0x00000007d6b80000)
 ParOldGen       total 10752K, used 10312K [0x0000000781c00000, 0x0000000782680000, 0x00000007d5e80000)
  object space 10752K, 95% used [0x0000000781c00000,0x0000000782612168,0x0000000782680000)
 PSPermGen       total 21504K, used 6394K [0x000000077ca00000, 0x000000077df00000, 0x0000000781c00000)
  object space 21504K, 29% used [0x000000077ca00000,0x000000077d03ead0,0x000000077df00000)
Event: 0.893 GC heap after
Heap after GC invocations=6 (full 1):
 PSYoungGen      total 12800K, used 0K [0x00000007d5e80000, 0x00000007d6b80000, 0x0000000800000000)
  eden space 12288K, 0% used [0x00000007d5e80000,0x00000007d5e80000,0x00000007d6a80000)
  from space 512K, 0% used [0x00000007d6a80000,0x00000007d6a80000,0x00000007d6b00000)
  to   space 512K, 0% used [0x00000007d6b00000,0x00000007d6b00000,0x00000007d6b80000)
 ParOldGen       total 10752K, used 8764K [0x0000000781c00000, 0x0000000782680000, 0x00000007d5e80000)
  object space 10752K, 81% used [0x0000000781c00000,0x000000078248f3d0,0x0000000782680000)
 PSPermGen       total 21504K, used 6390K [0x000000077ca00000, 0x000000077df00000, 0x0000000781c00000)
  object space 21504K, 29% used [0x000000077ca00000,0x000000077d03da48,0x000000077df00000)
}

